2021-04-27 21:35:10,811 - root - INFO - 0번째 방문입니다.
2021-04-27 21:35:10,811 - root - INFO - 1번째 방문입니다.
2021-04-27 21:35:10,813 - root - INFO - 2번째 방문입니다.
2021-04-27 21:35:10,813 - root - INFO - 3번째 방문입니다.
2021-04-27 21:35:10,813 - root - INFO - 4번째 방문입니다.
2021-04-27 21:35:10,813 - root - INFO - 5번째 방문입니다.
2021-04-27 21:35:10,813 - root - INFO - 6번째 방문입니다.
2021-04-27 21:35:10,813 - root - INFO - 7번째 방문입니다.
2021-04-27 21:35:10,813 - root - INFO - 8번째 방문입니다.
2021-04-27 21:35:10,813 - root - INFO - 9번째 방문입니다.
2021-04-27 21:35:10,813 - root - INFO - s
2021-04-27 21:35:57,950 root INFO 0번째 방문입니다.
2021-04-27 21:35:57,950 root INFO 1번째 방문입니다.
2021-04-27 21:35:57,951 root INFO 2번째 방문입니다.
2021-04-27 21:35:57,951 root INFO 3번째 방문입니다.
2021-04-27 21:35:57,951 root INFO 4번째 방문입니다.
2021-04-27 21:35:57,951 root INFO 5번째 방문입니다.
2021-04-27 21:35:57,951 root INFO 6번째 방문입니다.
2021-04-27 21:35:57,951 root INFO 7번째 방문입니다.
2021-04-27 21:35:57,951 root INFO 8번째 방문입니다.
2021-04-27 21:35:57,951 root INFO 9번째 방문입니다.
[2021-04-27 21:36:12,550] root INFO 0번째 방문입니다.
[2021-04-27 21:36:12,550] root INFO 1번째 방문입니다.
[2021-04-27 21:36:12,550] root INFO 2번째 방문입니다.
[2021-04-27 21:36:12,551] root INFO 3번째 방문입니다.
[2021-04-27 21:36:12,551] root INFO 4번째 방문입니다.
[2021-04-27 21:36:12,551] root INFO 5번째 방문입니다.
[2021-04-27 21:36:12,551] root INFO 6번째 방문입니다.
[2021-04-27 21:36:12,551] root INFO 7번째 방문입니다.
[2021-04-27 21:36:12,551] root INFO 8번째 방문입니다.
[2021-04-27 21:36:12,551] root INFO 9번째 방문입니다.
[2021-04-27 21:36:27,184] root INFO 0번째 방문입니다.
[2021-04-27 21:36:27,184] root INFO 1번째 방문입니다.
[2021-04-27 21:36:27,184] root INFO 2번째 방문입니다.
[2021-04-27 21:36:27,184] root INFO 3번째 방문입니다.
[2021-04-27 21:36:27,184] root INFO 4번째 방문입니다.
[2021-04-27 21:36:27,184] root INFO 5번째 방문입니다.
[2021-04-27 21:36:27,184] root INFO 6번째 방문입니다.
[2021-04-27 21:36:27,185] root INFO 7번째 방문입니다.
[2021-04-27 21:36:27,185] root INFO 8번째 방문입니다.
[2021-04-27 21:36:27,185] root INFO 9번째 방문입니다.
[2021-04-27 21:37:25,242] root INFO 0번째 방문입니다.
[2021-04-27 21:37:25,242] root INFO 1번째 방문입니다.
[2021-04-27 21:37:25,242] root INFO 2번째 방문입니다.
[2021-04-27 21:37:25,244] root INFO 3번째 방문입니다.
[2021-04-27 21:37:25,244] root INFO 4번째 방문입니다.
[2021-04-27 21:37:25,244] root INFO 5번째 방문입니다.
[2021-04-27 21:37:25,244] root INFO 6번째 방문입니다.
[2021-04-27 21:37:25,244] root INFO 7번째 방문입니다.
[2021-04-27 21:37:25,244] root INFO 8번째 방문입니다.
[2021-04-27 21:37:25,244] root INFO 9번째 방문입니다.
[2021-04-27 21:37:25,244] root INFO s
