[2021-04-27 21:43:38,337] INFO 0번째 방문입니다.
[2021-04-27 21:43:38,337] INFO 1번째 방문입니다.
[2021-04-27 21:43:38,337] INFO 2번째 방문입니다.
[2021-04-27 21:43:38,337] INFO 3번째 방문입니다.
[2021-04-27 21:43:38,338] INFO 4번째 방문입니다.
[2021-04-27 21:43:38,338] INFO 5번째 방문입니다.
[2021-04-27 21:43:38,338] INFO 6번째 방문입니다.
[2021-04-27 21:43:38,338] INFO 7번째 방문입니다.
[2021-04-27 21:43:38,338] INFO 8번째 방문입니다.
[2021-04-27 21:43:38,338] INFO 9번째 방문입니다.
[2021-04-27 21:44:45,168INFO] 0번째 방문입니다.
[2021-04-27 21:44:45,168INFO] 1번째 방문입니다.
[2021-04-27 21:44:45,169INFO] 2번째 방문입니다.
[2021-04-27 21:44:45,169INFO] 3번째 방문입니다.
[2021-04-27 21:44:45,169INFO] 4번째 방문입니다.
[2021-04-27 21:44:45,169INFO] 5번째 방문입니다.
[2021-04-27 21:44:45,169INFO] 6번째 방문입니다.
[2021-04-27 21:44:45,169INFO] 7번째 방문입니다.
[2021-04-27 21:44:45,169INFO] 8번째 방문입니다.
[2021-04-27 21:44:45,169INFO] 9번째 방문입니다.
[2021-04-27 21:44:52,858 INFO] 0번째 방문입니다.
[2021-04-27 21:44:52,858 INFO] 1번째 방문입니다.
[2021-04-27 21:44:52,858 INFO] 2번째 방문입니다.
[2021-04-27 21:44:52,858 INFO] 3번째 방문입니다.
[2021-04-27 21:44:52,858 INFO] 4번째 방문입니다.
[2021-04-27 21:44:52,858 INFO] 5번째 방문입니다.
[2021-04-27 21:44:52,858 INFO] 6번째 방문입니다.
[2021-04-27 21:44:52,858 INFO] 7번째 방문입니다.
[2021-04-27 21:44:52,858 INFO] 8번째 방문입니다.
[2021-04-27 21:44:52,858 INFO] 9번째 방문입니다.
[2021-04-27 21:45:01,336:INFO] 0번째 방문입니다.
[2021-04-27 21:45:01,336:INFO] 1번째 방문입니다.
[2021-04-27 21:45:01,336:INFO] 2번째 방문입니다.
[2021-04-27 21:45:01,336:INFO] 3번째 방문입니다.
[2021-04-27 21:45:01,336:INFO] 4번째 방문입니다.
[2021-04-27 21:45:01,337:INFO] 5번째 방문입니다.
[2021-04-27 21:45:01,337:INFO] 6번째 방문입니다.
[2021-04-27 21:45:01,337:INFO] 7번째 방문입니다.
[2021-04-27 21:45:01,337:INFO] 8번째 방문입니다.
[2021-04-27 21:45:01,337:INFO] 9번째 방문입니다.
[2021-04-27 21:45:13,453/INFO] 0번째 방문입니다.
[2021-04-27 21:45:13,453/INFO] 1번째 방문입니다.
[2021-04-27 21:45:13,453/INFO] 2번째 방문입니다.
[2021-04-27 21:45:13,453/INFO] 3번째 방문입니다.
[2021-04-27 21:45:13,453/INFO] 4번째 방문입니다.
[2021-04-27 21:45:13,453/INFO] 5번째 방문입니다.
[2021-04-27 21:45:13,453/INFO] 6번째 방문입니다.
[2021-04-27 21:45:13,453/INFO] 7번째 방문입니다.
[2021-04-27 21:45:13,454/INFO] 8번째 방문입니다.
[2021-04-27 21:45:13,454/INFO] 9번째 방문입니다.
[2021-04-27 21:45:23,771 INFO] 0번째 방문입니다.
[2021-04-27 21:45:23,773 INFO] 1번째 방문입니다.
[2021-04-27 21:45:23,773 INFO] 2번째 방문입니다.
[2021-04-27 21:45:23,773 INFO] 3번째 방문입니다.
[2021-04-27 21:45:23,773 INFO] 4번째 방문입니다.
[2021-04-27 21:45:23,773 INFO] 5번째 방문입니다.
[2021-04-27 21:45:23,773 INFO] 6번째 방문입니다.
[2021-04-27 21:45:23,773 INFO] 7번째 방문입니다.
[2021-04-27 21:45:23,773 INFO] 8번째 방문입니다.
[2021-04-27 21:45:23,773 INFO] 9번째 방문입니다.
